d:\my_application\qt_demo\application\problem generator\x64\release\vc143.pdb
d:\my_application\qt_demo\application\problem generator\x64\release\moc_problemgenerator.obj
d:\my_application\qt_demo\application\problem generator\x64\release\problemgenerator.obj
d:\my_application\qt_demo\application\problem generator\x64\release\main.obj
d:\my_application\qt_demo\application\problem generator\x64\release\qrc_problemgenerator.obj
d:\my_application\qt_demo\application\x64\release\problem generator.exe
d:\my_application\qt_demo\application\problem generator\x64\release\qt\moc\moc_problemgenerator.cpp
d:\my_application\qt_demo\application\problem generator\x64\release\qt\uic\ui_problemgenerator.h
d:\my_application\qt_demo\application\problem generator\x64\release\qt\rcc\qrc_problemgenerator.cpp
d:\my_application\qt_demo\application\problem generator\x64\release\problem generator.res
d:\my_application\qt_demo\application\problem generator\x64\release\problem generator.ipdb
d:\my_application\qt_demo\application\problem generator\x64\release\problem generator.iobj
d:\my_application\qt_demo\application\problem generator\x64\release\problem .0aa7dfa2.tlog\cl.command.1.tlog
d:\my_application\qt_demo\application\problem generator\x64\release\problem .0aa7dfa2.tlog\cl.items.tlog
d:\my_application\qt_demo\application\problem generator\x64\release\problem .0aa7dfa2.tlog\cl.read.1.tlog
d:\my_application\qt_demo\application\problem generator\x64\release\problem .0aa7dfa2.tlog\cl.write.1.tlog
d:\my_application\qt_demo\application\problem generator\x64\release\problem .0aa7dfa2.tlog\link.command.1.tlog
d:\my_application\qt_demo\application\problem generator\x64\release\problem .0aa7dfa2.tlog\link.read.1.tlog
d:\my_application\qt_demo\application\problem generator\x64\release\problem .0aa7dfa2.tlog\link.secondary.1.tlog
d:\my_application\qt_demo\application\problem generator\x64\release\problem .0aa7dfa2.tlog\link.write.1.tlog
d:\my_application\qt_demo\application\problem generator\x64\release\problem .0aa7dfa2.tlog\moc.read.1u.tlog
d:\my_application\qt_demo\application\problem generator\x64\release\problem .0aa7dfa2.tlog\moc.write.1u.tlog
d:\my_application\qt_demo\application\problem generator\x64\release\problem .0aa7dfa2.tlog\problem generator.write.1u.tlog
d:\my_application\qt_demo\application\problem generator\x64\release\problem .0aa7dfa2.tlog\rc.command.1.tlog
d:\my_application\qt_demo\application\problem generator\x64\release\problem .0aa7dfa2.tlog\rc.read.1.tlog
d:\my_application\qt_demo\application\problem generator\x64\release\problem .0aa7dfa2.tlog\rc.write.1.tlog
d:\my_application\qt_demo\application\problem generator\x64\release\problem .0aa7dfa2.tlog\rcc.read.1u.tlog
d:\my_application\qt_demo\application\problem generator\x64\release\problem .0aa7dfa2.tlog\rcc.write.1u.tlog
d:\my_application\qt_demo\application\problem generator\x64\release\problem .0aa7dfa2.tlog\uic.read.1u.tlog
d:\my_application\qt_demo\application\problem generator\x64\release\problem .0aa7dfa2.tlog\uic.write.1u.tlog
